mode: set
github.com/chuanshan/learngo/container/norepeating/norepeating.go:6.53,13.31 4 1
github.com/chuanshan/learngo/container/norepeating/norepeating.go:24.2,24.18 1 1
github.com/chuanshan/learngo/container/norepeating/norepeating.go:13.31,15.58 1 1
github.com/chuanshan/learngo/container/norepeating/norepeating.go:18.3,18.28 1 1
github.com/chuanshan/learngo/container/norepeating/norepeating.go:21.3,21.23 1 1
github.com/chuanshan/learngo/container/norepeating/norepeating.go:15.58,17.4 1 1
github.com/chuanshan/learngo/container/norepeating/norepeating.go:18.28,20.4 1 1
github.com/chuanshan/learngo/container/norepeating/norepeating.go:27.47,34.31 4 0
github.com/chuanshan/learngo/container/norepeating/norepeating.go:45.2,45.18 1 0
github.com/chuanshan/learngo/container/norepeating/norepeating.go:34.31,36.58 1 0
github.com/chuanshan/learngo/container/norepeating/norepeating.go:39.3,39.28 1 0
github.com/chuanshan/learngo/container/norepeating/norepeating.go:42.3,42.23 1 0
github.com/chuanshan/learngo/container/norepeating/norepeating.go:36.58,38.4 1 0
github.com/chuanshan/learngo/container/norepeating/norepeating.go:39.28,41.4 1 0
github.com/chuanshan/learngo/container/norepeating/norepeating.go:48.13,58.2 7 0
